c:\projects\generictrainer\generictrainer\x64\debug\vc143.pdb
c:\projects\generictrainer\generictrainer\x64\debug\vc143.idb
c:\projects\generictrainer\generictrainer\x64\debug\utility.obj
c:\projects\generictrainer\generictrainer\x64\debug\main.obj
c:\projects\generictrainer\generictrainer\x64\debug\generictrainer.obj
c:\projects\generictrainer\generictrainer\x64\debug\assembler.obj
c:\projects\generictrainer\generictrainer\x64\debug\codebuilder.obj
c:\projects\generictrainer\x64\debug\generictrainer.exe
c:\projects\generictrainer\generictrainer\x64\debug\generictrainer.ilk
c:\projects\generictrainer\x64\debug\generictrainer.pdb
c:\projects\generictrainer\generictrainer\x64\debug\generictrainer.tlog\cl.command.1.tlog
c:\projects\generictrainer\generictrainer\x64\debug\generictrainer.tlog\cl.items.tlog
c:\projects\generictrainer\generictrainer\x64\debug\generictrainer.tlog\cl.read.1.tlog
c:\projects\generictrainer\generictrainer\x64\debug\generictrainer.tlog\cl.write.1.tlog
c:\projects\generictrainer\generictrainer\x64\debug\generictrainer.tlog\link-cvtres.read.1.tlog
c:\projects\generictrainer\generictrainer\x64\debug\generictrainer.tlog\link-cvtres.write.1.tlog
c:\projects\generictrainer\generictrainer\x64\debug\generictrainer.tlog\link-rc.read.1.tlog
c:\projects\generictrainer\generictrainer\x64\debug\generictrainer.tlog\link-rc.write.1.tlog
c:\projects\generictrainer\generictrainer\x64\debug\generictrainer.tlog\link.1188-cvtres.read.1.tlog
c:\projects\generictrainer\generictrainer\x64\debug\generictrainer.tlog\link.1188-cvtres.write.1.tlog
c:\projects\generictrainer\generictrainer\x64\debug\generictrainer.tlog\link.1188-rc.read.1.tlog
c:\projects\generictrainer\generictrainer\x64\debug\generictrainer.tlog\link.1188-rc.write.1.tlog
c:\projects\generictrainer\generictrainer\x64\debug\generictrainer.tlog\link.1188.read.1.tlog
c:\projects\generictrainer\generictrainer\x64\debug\generictrainer.tlog\link.1188.read.2.tlog
c:\projects\generictrainer\generictrainer\x64\debug\generictrainer.tlog\link.1188.write.1.tlog
c:\projects\generictrainer\generictrainer\x64\debug\generictrainer.tlog\link.command.1.tlog
c:\projects\generictrainer\generictrainer\x64\debug\generictrainer.tlog\link.read.1.tlog
c:\projects\generictrainer\generictrainer\x64\debug\generictrainer.tlog\link.read.2.tlog
c:\projects\generictrainer\generictrainer\x64\debug\generictrainer.tlog\link.write.1.tlog
